Using pre-set license
Built from '2020.3/staging' branch; Version is '2020.3.23f1 (c5d91304a876) revision 12966163'; Using compiler version '192528614'; Build Type 'Release'
OS: 'Windows 10 Home Single Language; OS build 19043.1415; Version 2009; 64bit' Language: 'tr' Physical Memory: 8081 MB
BatchMode: 1, IsHumanControllingUs: 0, StartBugReporterOnCrash: 0, Is64bit: 1, IsPro: 0

COMMAND LINE ARGUMENTS:
C:\Users\MONSTER\Documents\2020.3.23f1\Editor\Unity.exe
-adb2
-batchMode
-noUpm
-name
AssetImportWorker0
-projectPath
C:/Users/MONSTER/Desktop/Demo_Airconsole
-logFile
Logs/AssetImportWorker0.log
-srvPort
50602
Successfully changed project path to: C:/Users/MONSTER/Desktop/Demo_Airconsole
C:/Users/MONSTER/Desktop/Demo_Airconsole
Using Asset Import Pipeline V2.
Refreshing native plugins compatible for Editor in 79.46 ms, found 2 plugins.
Preloading 0 native plugins for Editor in 0.00 ms.
Initialize engine version: 2020.3.23f1 (c5d91304a876)
[Subsystems] Discovering subsystems at path C:/Users/MONSTER/Documents/2020.3.23f1/Editor/Data/Resources/UnitySubsystems
[Subsystems] Discovering subsystems at path C:/Users/MONSTER/Desktop/Demo_Airconsole/Assets
GfxDevice: creating device client; threaded=0
Direct3D:
    Version:  Direct3D 11.0 [level 11.1]
    Renderer: NVIDIA GeForce GTX 1050 Ti (ID=0x1c8c)
    Vendor:   
    VRAM:     4050 MB
    Driver:   22.21.13.8205
Initialize mono
Mono path[0] = 'C:/Users/MONSTER/Documents/2020.3.23f1/Editor/Data/Managed'
Mono path[1] = 'C:/Users/MONSTER/Documents/2020.3.23f1/Editor/Data/MonoBleedingEdge/lib/mono/unityjit'
Mono config path = 'C:/Users/MONSTER/Documents/2020.3.23f1/Editor/Data/MonoBleedingEdge/etc'
Using monoOptions --debugger-agent=transport=dt_socket,embedding=1,server=y,suspend=n,address=127.0.0.1:56420
Begin MonoManager ReloadAssembly
Registering precompiled unity dll's ...
Register platform support module: C:/Users/MONSTER/Documents/2020.3.23f1/Editor/Data/PlaybackEngines/WebGLSupport/UnityEditor.WebGL.Extensions.dll
Register platform support module: C:/Users/MONSTER/Documents/2020.3.23f1/Editor/Data/PlaybackEngines/WindowsStandaloneSupport/UnityEditor.WindowsStandalone.Extensions.dll
Registered in 0.003184 seconds.
Native extension for WindowsStandalone target not found
Native extension for WebGL target not found
Refreshing native plugins compatible for Editor in 65.53 ms, found 2 plugins.
Preloading 0 native plugins for Editor in 0.00 ms.
Mono: successfully reloaded assembly
- Completed reload, in  0.959 seconds
Domain Reload Profiling:
	ReloadAssembly (960ms)
		BeginReloadAssembly (79ms)
			ExecutionOrderSort (0ms)
			DisableScriptedObjects (0ms)
			BackupInstance (0ms)
			ReleaseScriptingObjects (0ms)
			CreateAndSetChildDomain (2ms)
		EndReloadAssembly (778ms)
			LoadAssemblies (74ms)
			RebuildTransferFunctionScriptingTraits (0ms)
			SetupTypeCache (198ms)
			ReleaseScriptCaches (0ms)
			RebuildScriptCaches (43ms)
			SetupLoadedEditorAssemblies (233ms)
				LogAssemblyErrors (0ms)
				InitializePlatformSupportModulesInManaged (7ms)
				SetLoadedEditorAssemblies (0ms)
				RefreshPlugins (66ms)
				BeforeProcessingInitializeOnLoad (10ms)
				ProcessInitializeOnLoadAttributes (113ms)
				ProcessInitializeOnLoadMethodAttributes (35ms)
				AfterProcessingInitializeOnLoad (0ms)
				EditorAssembliesLoaded (1ms)
			ExecutionOrderSort2 (0ms)
			AwakeInstancesAfterBackupRestoration (0ms)
Platform modules already initialized, skipping
Registering precompiled user dll's ...
Registered in 0.015253 seconds.
Begin MonoManager ReloadAssembly
Native extension for WindowsStandalone target not found
Native extension for WebGL target not found
Refreshing native plugins compatible for Editor in 0.84 ms, found 2 plugins.
Preloading 0 native plugins for Editor in 0.00 ms.
Can't find custom attr constructor image: C:\Users\MONSTER\Desktop\Demo_Airconsole\Library\PackageCache\com.unity.ads@3.4.5\Editor\UnityEditor.Advertisements.dll mtoken: 0x0a00000f due to:  assembly:C:\Users\MONSTER\Documents\2020.3.23f1\Editor\Data\Managed\UnityEngine\UnityEngine.CoreModule.dll type:UnityAPICompatibilityVersionAttribute member:void {0}(string,string[]) signature:.ctor
Mono: successfully reloaded assembly
- Completed reload, in  1.721 seconds
Domain Reload Profiling:
	ReloadAssembly (1721ms)
		BeginReloadAssembly (208ms)
			ExecutionOrderSort (0ms)
			DisableScriptedObjects (7ms)
			BackupInstance (0ms)
			ReleaseScriptingObjects (0ms)
			CreateAndSetChildDomain (31ms)
		EndReloadAssembly (1390ms)
			LoadAssemblies (170ms)
			RebuildTransferFunctionScriptingTraits (0ms)
			SetupTypeCache (482ms)
			ReleaseScriptCaches (0ms)
			RebuildScriptCaches (65ms)
			SetupLoadedEditorAssemblies (507ms)
				LogAssemblyErrors (0ms)
				InitializePlatformSupportModulesInManaged (12ms)
				SetLoadedEditorAssemblies (1ms)
				RefreshPlugins (1ms)
				BeforeProcessingInitializeOnLoad (110ms)
				ProcessInitializeOnLoadAttributes (357ms)
				ProcessInitializeOnLoadMethodAttributes (19ms)
				AfterProcessingInitializeOnLoad (8ms)
				EditorAssembliesLoaded (0ms)
			ExecutionOrderSort2 (0ms)
			AwakeInstancesAfterBackupRestoration (7ms)
Platform modules already initialized, skipping
========================================================================
Worker process is ready to serve import requests
Launched and connected shader compiler UnityShaderCompiler.exe after 0.12 seconds
Refreshing native plugins compatible for Editor in 0.98 ms, found 2 plugins.
Preloading 0 native plugins for Editor in 0.00 ms.
Unloading 1893 Unused Serialized files (Serialized files now loaded: 0)
System memory in use before: 80.0 MB.
System memory in use after: 80.1 MB.

Unloading 56 unused Assets to reduce memory usage. Loaded Objects now: 2299.
Total: 6.179400 ms (FindLiveObjects: 0.345800 ms CreateObjectMapping: 0.158000 ms MarkObjects: 5.470900 ms  DeleteObjects: 0.200800 ms)

AssetImportParameters requested are different than current active one (requested -> active):
  custom:framework-win-MediaFoundation: 216162199b28c13a410421893ffa2e32 -> 
  custom:video-decoder-ogg-theora: a1e56fd34408186e4bbccfd4996cb3dc -> 
  custom:container-muxer-webm: aa71ff27fc2769a1b78a27578f13a17b -> 
  custom:container-demuxer-webm: 4f35f7cbe854078d1ac9338744f61a02 -> 
  custom:container-demuxer-ogg: 62fdf1f143b41e24485cea50d1cbac27 -> 
  custom:video-encoder-webm-vp8: eb34c28f22e8b96e1ab97ce403110664 -> 
  custom:video-decoder-webm-vp8: 9c59270c3fd7afecdb556c50c9e8de78 -> 
  custom:audio-decoder-ogg-vorbis: bf7c407c2cedff20999df2af8eb42d56 -> 
  custom:audio-encoder-webm-vorbis: bf7c407c2cedff20999df2af8eb42d56 -> 
========================================================================
Received Import Request.
  path: Assets/AirConsole/plugins/WebViewObject.cs
  artifactKey: Guid(74374c0f7a52448f88f871393b677ca5) Importer(815301076,1909f56bfc062723c751e8b465ee728b)
Start importing Assets/AirConsole/plugins/WebViewObject.cs using Guid(74374c0f7a52448f88f871393b677ca5) Importer(815301076,1909f56bfc062723c751e8b465ee728b)  -> (artifact id: 'c6f330b7f8529c461420ab2c625090a4') in 0.320403 seconds 
  Import took 0.326113 seconds .

========================================================================
Received Prepare
Registering precompiled user dll's ...
Registered in 0.017334 seconds.
Begin MonoManager ReloadAssembly
Native extension for WindowsStandalone target not found
Native extension for WebGL target not found
Refreshing native plugins compatible for Editor in 0.66 ms, found 2 plugins.
Preloading 0 native plugins for Editor in 0.00 ms.
Can't find custom attr constructor image: C:\Users\MONSTER\Desktop\Demo_Airconsole\Library\PackageCache\com.unity.ads@3.4.5\Editor\UnityEditor.Advertisements.dll mtoken: 0x0a00000f due to:  assembly:C:\Users\MONSTER\Documents\2020.3.23f1\Editor\Data\Managed\UnityEngine\UnityEngine.CoreModule.dll type:UnityAPICompatibilityVersionAttribute member:void {0}(string,string[]) signature:.ctor
Refreshing native plugins compatible for Editor in 0.67 ms, found 2 plugins.
System.Net.Sockets.SocketException (0x80004005): Normal olarak her yuva adresi (iletişim kuralı/ağ adresi/bağlantı noktası) için yalnızca bir kullanıma izin veriliyor.
UnityEngine.StackTraceUtility:ExtractStackTrace ()
UnityEngine.DebugLogHandler:LogFormat (UnityEngine.LogType,UnityEngine.Object,string,object[])
UnityEngine.Logger:Log (UnityEngine.LogType,object)
UnityEngine.Debug:LogError (object)
UnityEditor.EditorAssemblies:ProcessInitializeOnLoadAttributes (System.Type[])

Mono: successfully reloaded assembly
- Completed reload, in  1.324 seconds
Domain Reload Profiling:
	ReloadAssembly (1326ms)
		BeginReloadAssembly (198ms)
			ExecutionOrderSort (0ms)
			DisableScriptedObjects (16ms)
			BackupInstance (0ms)
			ReleaseScriptingObjects (0ms)
			CreateAndSetChildDomain (74ms)
		EndReloadAssembly (1039ms)
			LoadAssemblies (143ms)
			RebuildTransferFunctionScriptingTraits (0ms)
			SetupTypeCache (381ms)
			ReleaseScriptCaches (1ms)
			RebuildScriptCaches (56ms)
			SetupLoadedEditorAssemblies (345ms)
				LogAssemblyErrors (0ms)
				InitializePlatformSupportModulesInManaged (7ms)
				SetLoadedEditorAssemblies (1ms)
				RefreshPlugins (1ms)
				BeforeProcessingInitializeOnLoad (76ms)
				ProcessInitializeOnLoadAttributes (239ms)
				ProcessInitializeOnLoadMethodAttributes (14ms)
				AfterProcessingInitializeOnLoad (7ms)
				EditorAssembliesLoaded (0ms)
			ExecutionOrderSort2 (0ms)
			AwakeInstancesAfterBackupRestoration (7ms)
Platform modules already initialized, skipping
Refreshing native plugins compatible for Editor in 0.68 ms, found 2 plugins.
Preloading 0 native plugins for Editor in 0.00 ms.
Unloading 1885 Unused Serialized files (Serialized files now loaded: 0)
System memory in use before: 79.9 MB.
System memory in use after: 80.0 MB.

Unloading 46 unused Assets to reduce memory usage. Loaded Objects now: 2301.
Total: 3.563000 ms (FindLiveObjects: 0.221200 ms CreateObjectMapping: 0.068800 ms MarkObjects: 3.216600 ms  DeleteObjects: 0.055300 ms)

AssetImportParameters requested are different than current active one (requested -> active):
  custom:framework-win-MediaFoundation: 216162199b28c13a410421893ffa2e32 -> 
  custom:video-decoder-ogg-theora: a1e56fd34408186e4bbccfd4996cb3dc -> 
  custom:container-muxer-webm: aa71ff27fc2769a1b78a27578f13a17b -> 
  custom:container-demuxer-webm: 4f35f7cbe854078d1ac9338744f61a02 -> 
  custom:container-demuxer-ogg: 62fdf1f143b41e24485cea50d1cbac27 -> 
  custom:video-encoder-webm-vp8: eb34c28f22e8b96e1ab97ce403110664 -> 
  custom:video-decoder-webm-vp8: 9c59270c3fd7afecdb556c50c9e8de78 -> 
  custom:audio-decoder-ogg-vorbis: bf7c407c2cedff20999df2af8eb42d56 -> 
  custom:audio-encoder-webm-vorbis: bf7c407c2cedff20999df2af8eb42d56 -> 
========================================================================
Received Import Request.
  Time since last request: 2565.890958 seconds.
  path: Assets/AirConsole/extras/controller-template.html
  artifactKey: Guid(898f8131596954b47a4dd4ba0110edca) Importer(815301076,1909f56bfc062723c751e8b465ee728b)
Start importing Assets/AirConsole/extras/controller-template.html using Guid(898f8131596954b47a4dd4ba0110edca) Importer(815301076,1909f56bfc062723c751e8b465ee728b)  -> (artifact id: 'caa8283f1096abe5261bae390fdd7792') in 0.055944 seconds 
  Import took 0.060804 seconds .

========================================================================
Received Import Request.
  Time since last request: 2.989671 seconds.
  path: Assets/AirConsole/extras/controller-template 1.html
  artifactKey: Guid(59d29e966e891fc41bc75a3c4ef300cd) Importer(815301076,1909f56bfc062723c751e8b465ee728b)
Start importing Assets/AirConsole/extras/controller-template 1.html using Guid(59d29e966e891fc41bc75a3c4ef300cd) Importer(815301076,1909f56bfc062723c751e8b465ee728b)  -> (artifact id: '678a46ef743b2c43bc83e6b60dd438b6') in 0.013348 seconds 
  Import took 0.017567 seconds .

========================================================================
Received Import Request.
  Time since last request: 37.400744 seconds.
  path: Assets/AirConsole/myController.html
  artifactKey: Guid(59d29e966e891fc41bc75a3c4ef300cd) Importer(815301076,1909f56bfc062723c751e8b465ee728b)
Start importing Assets/AirConsole/myController.html using Guid(59d29e966e891fc41bc75a3c4ef300cd) Importer(815301076,1909f56bfc062723c751e8b465ee728b)  -> (artifact id: 'a8032c2c804f129fdf979f686c7817d6') in 0.011887 seconds 
  Import took 0.016052 seconds .

========================================================================
Received Import Request.
  Time since last request: 1096.935148 seconds.
  path: Assets/AirConsole/myController.html
  artifactKey: Guid(59d29e966e891fc41bc75a3c4ef300cd) Importer(815301076,1909f56bfc062723c751e8b465ee728b)
Start importing Assets/AirConsole/myController.html using Guid(59d29e966e891fc41bc75a3c4ef300cd) Importer(815301076,1909f56bfc062723c751e8b465ee728b)  -> (artifact id: '126ae6f2c1a1be28322a3e0e4919b043') in 0.006047 seconds 
  Import took 0.010409 seconds .

========================================================================
Received Import Request.
  Time since last request: 25.082844 seconds.
  path: Assets/WebGLTemplates/AirConsole-2020/TemplateData
  artifactKey: Guid(d53f7b31e2f564e5fbad027a87c0e520) Importer(815301076,1909f56bfc062723c751e8b465ee728b)
Start importing Assets/WebGLTemplates/AirConsole-2020/TemplateData using Guid(d53f7b31e2f564e5fbad027a87c0e520) Importer(815301076,1909f56bfc062723c751e8b465ee728b)  -> (artifact id: '5fcaf5adc4b8b741b957c6cf063f9ab4') in 0.011139 seconds 
  Import took 0.015255 seconds .

========================================================================
Received Import Request.
  Time since last request: 6.343813 seconds.
  path: Assets/WebGLTemplates/AirConsole-2020/airconsole-unity-plugin.js
  artifactKey: Guid(33d913e4bc33f4477ba094d2520f3670) Importer(815301076,1909f56bfc062723c751e8b465ee728b)
Start importing Assets/WebGLTemplates/AirConsole-2020/airconsole-unity-plugin.js using Guid(33d913e4bc33f4477ba094d2520f3670) Importer(815301076,1909f56bfc062723c751e8b465ee728b)  -> (artifact id: '703789356002a1776e34fed2ab4ecb06') in 0.017444 seconds 
  Import took 0.021119 seconds .

========================================================================
Received Import Request.
  Time since last request: 2.876875 seconds.
  path: Assets/WebGLTemplates/AirConsole-2020/rate-limiter.js
  artifactKey: Guid(3dc76f31ad9064d00ab9ac058a70dc5d) Importer(815301076,1909f56bfc062723c751e8b465ee728b)
Start importing Assets/WebGLTemplates/AirConsole-2020/rate-limiter.js using Guid(3dc76f31ad9064d00ab9ac058a70dc5d) Importer(815301076,1909f56bfc062723c751e8b465ee728b)  -> (artifact id: 'b38c7ef05df36bf854c6a0236dc42fac') in 0.012891 seconds 
  Import took 0.016618 seconds .

========================================================================
Received Import Request.
  Time since last request: 2.669670 seconds.
  path: Assets/WebGLTemplates/AirConsole-2020/translation.js
  artifactKey: Guid(af88984e335c547afaeb9444273d2151) Importer(815301076,1909f56bfc062723c751e8b465ee728b)
Start importing Assets/WebGLTemplates/AirConsole-2020/translation.js using Guid(af88984e335c547afaeb9444273d2151) Importer(815301076,1909f56bfc062723c751e8b465ee728b)  -> (artifact id: '56f757a187a03f69e17b88baeb431478') in 0.012943 seconds 
  Import took 0.016890 seconds .

========================================================================
Received Import Request.
  Time since last request: 2.896764 seconds.
  path: Assets/WebGLTemplates/AirConsole-2020/thumbnail.png
  artifactKey: Guid(19e4a60af483a4262b3b77decfa17a2d) Importer(815301076,1909f56bfc062723c751e8b465ee728b)
Start importing Assets/WebGLTemplates/AirConsole-2020/thumbnail.png using Guid(19e4a60af483a4262b3b77decfa17a2d) Importer(815301076,1909f56bfc062723c751e8b465ee728b)  -> (artifact id: '775a8901e73f06ebf873e65c16ce1f23') in 0.018247 seconds 
  Import took 0.021813 seconds .

========================================================================
Received Import Request.
  Time since last request: 54.601788 seconds.
  path: Assets/WebGLTemplates/AirConsole/TemplateData
  artifactKey: Guid(cdb1db92fe1bd6941a0e2fd9c6958181) Importer(815301076,1909f56bfc062723c751e8b465ee728b)
Start importing Assets/WebGLTemplates/AirConsole/TemplateData using Guid(cdb1db92fe1bd6941a0e2fd9c6958181) Importer(815301076,1909f56bfc062723c751e8b465ee728b)  -> (artifact id: 'd25d877afca54b48f6d80d657d396e24') in 0.003704 seconds 
  Import took 0.009272 seconds .

========================================================================
Received Import Request.
  Time since last request: 38.375769 seconds.
  path: Assets/AirConsole
  artifactKey: Guid(07cefb6a9868344dbb6ccfb556f1117e) Importer(815301076,1909f56bfc062723c751e8b465ee728b)
Start importing Assets/AirConsole using Guid(07cefb6a9868344dbb6ccfb556f1117e) Importer(815301076,1909f56bfc062723c751e8b465ee728b)  -> (artifact id: '1680ba99175039e497231c64676d9a96') in 0.010360 seconds 
  Import took 0.015012 seconds .

========================================================================
Received Import Request.
  Time since last request: 14.368523 seconds.
  path: Assets/AirConsole/GameLogic.cs
  artifactKey: Guid(12511b13555696b4889b2ef7139354fd) Importer(815301076,1909f56bfc062723c751e8b465ee728b)
Start importing Assets/AirConsole/GameLogic.cs using Guid(12511b13555696b4889b2ef7139354fd) Importer(815301076,1909f56bfc062723c751e8b465ee728b)  -> (artifact id: 'ab34dc559a0fc83b3e94fd67b21b56a0') in 0.009553 seconds 
  Import took 0.014882 seconds .

========================================================================
Received Prepare
Registering precompiled user dll's ...
Registered in 0.021075 seconds.
Begin MonoManager ReloadAssembly
Native extension for WindowsStandalone target not found
Native extension for WebGL target not found
Refreshing native plugins compatible for Editor in 1.38 ms, found 2 plugins.
Preloading 0 native plugins for Editor in 0.00 ms.
Can't find custom attr constructor image: C:\Users\MONSTER\Desktop\Demo_Airconsole\Library\PackageCache\com.unity.ads@3.4.5\Editor\UnityEditor.Advertisements.dll mtoken: 0x0a00000f due to:  assembly:C:\Users\MONSTER\Documents\2020.3.23f1\Editor\Data\Managed\UnityEngine\UnityEngine.CoreModule.dll type:UnityAPICompatibilityVersionAttribute member:void {0}(string,string[]) signature:.ctor
System.Net.Sockets.SocketException (0x80004005): Normal olarak her yuva adresi (iletişim kuralı/ağ adresi/bağlantı noktası) için yalnızca bir kullanıma izin veriliyor.
UnityEngine.StackTraceUtility:ExtractStackTrace ()
UnityEngine.DebugLogHandler:LogFormat (UnityEngine.LogType,UnityEngine.Object,string,object[])
UnityEngine.Logger:Log (UnityEngine.LogType,object)
UnityEngine.Debug:LogError (object)
UnityEditor.EditorAssemblies:ProcessInitializeOnLoadAttributes (System.Type[])

Mono: successfully reloaded assembly
- Completed reload, in  1.184 seconds
Domain Reload Profiling:
	ReloadAssembly (1185ms)
		BeginReloadAssembly (129ms)
			ExecutionOrderSort (0ms)
			DisableScriptedObjects (7ms)
			BackupInstance (0ms)
			ReleaseScriptingObjects (0ms)
			CreateAndSetChildDomain (41ms)
		EndReloadAssembly (979ms)
			LoadAssemblies (110ms)
			RebuildTransferFunctionScriptingTraits (0ms)
			SetupTypeCache (334ms)
			ReleaseScriptCaches (1ms)
			RebuildScriptCaches (47ms)
			SetupLoadedEditorAssemblies (370ms)
				LogAssemblyErrors (0ms)
				InitializePlatformSupportModulesInManaged (6ms)
				SetLoadedEditorAssemblies (1ms)
				RefreshPlugins (2ms)
				BeforeProcessingInitializeOnLoad (67ms)
				ProcessInitializeOnLoadAttributes (268ms)
				ProcessInitializeOnLoadMethodAttributes (16ms)
				AfterProcessingInitializeOnLoad (11ms)
				EditorAssembliesLoaded (0ms)
			ExecutionOrderSort2 (0ms)
			AwakeInstancesAfterBackupRestoration (9ms)
Platform modules already initialized, skipping
Refreshing native plugins compatible for Editor in 0.68 ms, found 2 plugins.
Preloading 0 native plugins for Editor in 0.00 ms.
Unloading 1886 Unused Serialized files (Serialized files now loaded: 0)
System memory in use before: 80.0 MB.
System memory in use after: 80.1 MB.

Unloading 46 unused Assets to reduce memory usage. Loaded Objects now: 2304.
Total: 3.654500 ms (FindLiveObjects: 0.183600 ms CreateObjectMapping: 0.072200 ms MarkObjects: 3.340100 ms  DeleteObjects: 0.056900 ms)

AssetImportParameters requested are different than current active one (requested -> active):
  custom:framework-win-MediaFoundation: 216162199b28c13a410421893ffa2e32 -> 
  custom:video-decoder-ogg-theora: a1e56fd34408186e4bbccfd4996cb3dc -> 
  custom:container-muxer-webm: aa71ff27fc2769a1b78a27578f13a17b -> 
  custom:container-demuxer-webm: 4f35f7cbe854078d1ac9338744f61a02 -> 
  custom:container-demuxer-ogg: 62fdf1f143b41e24485cea50d1cbac27 -> 
  custom:video-encoder-webm-vp8: eb34c28f22e8b96e1ab97ce403110664 -> 
  custom:video-decoder-webm-vp8: 9c59270c3fd7afecdb556c50c9e8de78 -> 
  custom:audio-decoder-ogg-vorbis: bf7c407c2cedff20999df2af8eb42d56 -> 
  custom:audio-encoder-webm-vorbis: bf7c407c2cedff20999df2af8eb42d56 -> 
========================================================================
Received Prepare
Registering precompiled user dll's ...
Registered in 0.022756 seconds.
Begin MonoManager ReloadAssembly
Native extension for WindowsStandalone target not found
Native extension for WebGL target not found
Refreshing native plugins compatible for Editor in 1.48 ms, found 2 plugins.
Preloading 0 native plugins for Editor in 0.00 ms.
Can't find custom attr constructor image: C:\Users\MONSTER\Desktop\Demo_Airconsole\Library\PackageCache\com.unity.ads@3.4.5\Editor\UnityEditor.Advertisements.dll mtoken: 0x0a00000f due to:  assembly:C:\Users\MONSTER\Documents\2020.3.23f1\Editor\Data\Managed\UnityEngine\UnityEngine.CoreModule.dll type:UnityAPICompatibilityVersionAttribute member:void {0}(string,string[]) signature:.ctor
System.Net.Sockets.SocketException (0x80004005): Normal olarak her yuva adresi (iletişim kuralı/ağ adresi/bağlantı noktası) için yalnızca bir kullanıma izin veriliyor.
UnityEngine.StackTraceUtility:ExtractStackTrace ()
UnityEngine.DebugLogHandler:LogFormat (UnityEngine.LogType,UnityEngine.Object,string,object[])
UnityEngine.Logger:Log (UnityEngine.LogType,object)
UnityEngine.Debug:LogError (object)
UnityEditor.EditorAssemblies:ProcessInitializeOnLoadAttributes (System.Type[])

Mono: successfully reloaded assembly
- Completed reload, in  2.320 seconds
Domain Reload Profiling:
	ReloadAssembly (2321ms)
		BeginReloadAssembly (251ms)
			ExecutionOrderSort (0ms)
			DisableScriptedObjects (11ms)
			BackupInstance (0ms)
			ReleaseScriptingObjects (0ms)
			CreateAndSetChildDomain (93ms)
		EndReloadAssembly (1768ms)
			LoadAssemblies (275ms)
			RebuildTransferFunctionScriptingTraits (0ms)
			SetupTypeCache (559ms)
			ReleaseScriptCaches (2ms)
			RebuildScriptCaches (120ms)
			SetupLoadedEditorAssemblies (601ms)
				LogAssemblyErrors (0ms)
				InitializePlatformSupportModulesInManaged (11ms)
				SetLoadedEditorAssemblies (2ms)
				RefreshPlugins (2ms)
				BeforeProcessingInitializeOnLoad (117ms)
				ProcessInitializeOnLoadAttributes (434ms)
				ProcessInitializeOnLoadMethodAttributes (24ms)
				AfterProcessingInitializeOnLoad (11ms)
				EditorAssembliesLoaded (1ms)
			ExecutionOrderSort2 (0ms)
			AwakeInstancesAfterBackupRestoration (13ms)
Platform modules already initialized, skipping
Refreshing native plugins compatible for Editor in 2.01 ms, found 2 plugins.
Preloading 0 native plugins for Editor in 0.00 ms.
Unloading 1886 Unused Serialized files (Serialized files now loaded: 0)
System memory in use before: 80.0 MB.
System memory in use after: 80.1 MB.

Unloading 46 unused Assets to reduce memory usage. Loaded Objects now: 2306.
Total: 4.657000 ms (FindLiveObjects: 0.224400 ms CreateObjectMapping: 0.085700 ms MarkObjects: 4.306400 ms  DeleteObjects: 0.039000 ms)

AssetImportParameters requested are different than current active one (requested -> active):
  custom:framework-win-MediaFoundation: 216162199b28c13a410421893ffa2e32 -> 
  custom:video-decoder-ogg-theora: a1e56fd34408186e4bbccfd4996cb3dc -> 
  custom:container-muxer-webm: aa71ff27fc2769a1b78a27578f13a17b -> 
  custom:container-demuxer-webm: 4f35f7cbe854078d1ac9338744f61a02 -> 
  custom:container-demuxer-ogg: 62fdf1f143b41e24485cea50d1cbac27 -> 
  custom:video-encoder-webm-vp8: eb34c28f22e8b96e1ab97ce403110664 -> 
  custom:video-decoder-webm-vp8: 9c59270c3fd7afecdb556c50c9e8de78 -> 
  custom:audio-decoder-ogg-vorbis: bf7c407c2cedff20999df2af8eb42d56 -> 
  custom:audio-encoder-webm-vorbis: bf7c407c2cedff20999df2af8eb42d56 -> 
========================================================================
Received Prepare
Registering precompiled user dll's ...
Registered in 0.016043 seconds.
Begin MonoManager ReloadAssembly
Native extension for WindowsStandalone target not found
Native extension for WebGL target not found
Refreshing native plugins compatible for Editor in 1.16 ms, found 2 plugins.
Preloading 0 native plugins for Editor in 0.00 ms.
Can't find custom attr constructor image: C:\Users\MONSTER\Desktop\Demo_Airconsole\Library\PackageCache\com.unity.ads@3.4.5\Editor\UnityEditor.Advertisements.dll mtoken: 0x0a00000f due to:  assembly:C:\Users\MONSTER\Documents\2020.3.23f1\Editor\Data\Managed\UnityEngine\UnityEngine.CoreModule.dll type:UnityAPICompatibilityVersionAttribute member:void {0}(string,string[]) signature:.ctor
System.Net.Sockets.SocketException (0x80004005): Normal olarak her yuva adresi (iletişim kuralı/ağ adresi/bağlantı noktası) için yalnızca bir kullanıma izin veriliyor.
UnityEngine.StackTraceUtility:ExtractStackTrace ()
UnityEngine.DebugLogHandler:LogFormat (UnityEngine.LogType,UnityEngine.Object,string,object[])
UnityEngine.Logger:Log (UnityEngine.LogType,object)
UnityEngine.Debug:LogError (object)
UnityEditor.EditorAssemblies:ProcessInitializeOnLoadAttributes (System.Type[])

Mono: successfully reloaded assembly
- Completed reload, in  1.778 seconds
Domain Reload Profiling:
	ReloadAssembly (1779ms)
		BeginReloadAssembly (180ms)
			ExecutionOrderSort (0ms)
			DisableScriptedObjects (9ms)
			BackupInstance (0ms)
			ReleaseScriptingObjects (0ms)
			CreateAndSetChildDomain (55ms)
		EndReloadAssembly (1481ms)
			LoadAssemblies (180ms)
			RebuildTransferFunctionScriptingTraits (0ms)
			SetupTypeCache (653ms)
			ReleaseScriptCaches (1ms)
			RebuildScriptCaches (60ms)
			SetupLoadedEditorAssemblies (449ms)
				LogAssemblyErrors (0ms)
				InitializePlatformSupportModulesInManaged (9ms)
				SetLoadedEditorAssemblies (1ms)
				RefreshPlugins (1ms)
				BeforeProcessingInitializeOnLoad (90ms)
				ProcessInitializeOnLoadAttributes (319ms)
				ProcessInitializeOnLoadMethodAttributes (19ms)
				AfterProcessingInitializeOnLoad (9ms)
				EditorAssembliesLoaded (0ms)
			ExecutionOrderSort2 (0ms)
			AwakeInstancesAfterBackupRestoration (10ms)
Platform modules already initialized, skipping
Refreshing native plugins compatible for Editor in 1.02 ms, found 2 plugins.
Preloading 0 native plugins for Editor in 0.00 ms.
Unloading 1886 Unused Serialized files (Serialized files now loaded: 0)
System memory in use before: 80.0 MB.
System memory in use after: 80.1 MB.

Unloading 46 unused Assets to reduce memory usage. Loaded Objects now: 2308.
Total: 3.638200 ms (FindLiveObjects: 0.324600 ms CreateObjectMapping: 0.129900 ms MarkObjects: 3.147300 ms  DeleteObjects: 0.033100 ms)

AssetImportParameters requested are different than current active one (requested -> active):
  custom:framework-win-MediaFoundation: 216162199b28c13a410421893ffa2e32 -> 
  custom:video-decoder-ogg-theora: a1e56fd34408186e4bbccfd4996cb3dc -> 
  custom:container-muxer-webm: aa71ff27fc2769a1b78a27578f13a17b -> 
  custom:container-demuxer-webm: 4f35f7cbe854078d1ac9338744f61a02 -> 
  custom:container-demuxer-ogg: 62fdf1f143b41e24485cea50d1cbac27 -> 
  custom:video-encoder-webm-vp8: eb34c28f22e8b96e1ab97ce403110664 -> 
  custom:video-decoder-webm-vp8: 9c59270c3fd7afecdb556c50c9e8de78 -> 
  custom:audio-decoder-ogg-vorbis: bf7c407c2cedff20999df2af8eb42d56 -> 
  custom:audio-encoder-webm-vorbis: bf7c407c2cedff20999df2af8eb42d56 -> 
========================================================================
Received Prepare
Registering precompiled user dll's ...
Registered in 0.018573 seconds.
Begin MonoManager ReloadAssembly
Native extension for WindowsStandalone target not found
Native extension for WebGL target not found
Refreshing native plugins compatible for Editor in 0.60 ms, found 2 plugins.
Preloading 0 native plugins for Editor in 0.00 ms.
Can't find custom attr constructor image: C:\Users\MONSTER\Desktop\Demo_Airconsole\Library\PackageCache\com.unity.ads@3.4.5\Editor\UnityEditor.Advertisements.dll mtoken: 0x0a00000f due to:  assembly:C:\Users\MONSTER\Documents\2020.3.23f1\Editor\Data\Managed\UnityEngine\UnityEngine.CoreModule.dll type:UnityAPICompatibilityVersionAttribute member:void {0}(string,string[]) signature:.ctor
System.Net.Sockets.SocketException (0x80004005): Normal olarak her yuva adresi (iletişim kuralı/ağ adresi/bağlantı noktası) için yalnızca bir kullanıma izin veriliyor.
UnityEngine.StackTraceUtility:ExtractStackTrace ()
UnityEngine.DebugLogHandler:LogFormat (UnityEngine.LogType,UnityEngine.Object,string,object[])
UnityEngine.Logger:Log (UnityEngine.LogType,object)
UnityEngine.Debug:LogError (object)
UnityEditor.EditorAssemblies:ProcessInitializeOnLoadAttributes (System.Type[])

Mono: successfully reloaded assembly
- Completed reload, in  1.502 seconds
Domain Reload Profiling:
	ReloadAssembly (1503ms)
		BeginReloadAssembly (192ms)
			ExecutionOrderSort (0ms)
			DisableScriptedObjects (9ms)
			BackupInstance (0ms)
			ReleaseScriptingObjects (0ms)
			CreateAndSetChildDomain (59ms)
		EndReloadAssembly (1197ms)
			LoadAssemblies (276ms)
			RebuildTransferFunctionScriptingTraits (0ms)
			SetupTypeCache (438ms)
			ReleaseScriptCaches (1ms)
			RebuildScriptCaches (46ms)
			SetupLoadedEditorAssemblies (353ms)
				LogAssemblyErrors (0ms)
				InitializePlatformSupportModulesInManaged (8ms)
				SetLoadedEditorAssemblies (1ms)
				RefreshPlugins (1ms)
				BeforeProcessingInitializeOnLoad (73ms)
				ProcessInitializeOnLoadAttributes (249ms)
				ProcessInitializeOnLoadMethodAttributes (14ms)
				AfterProcessingInitializeOnLoad (8ms)
				EditorAssembliesLoaded (1ms)
			ExecutionOrderSort2 (0ms)
			AwakeInstancesAfterBackupRestoration (8ms)
Platform modules already initialized, skipping
Refreshing native plugins compatible for Editor in 0.84 ms, found 2 plugins.
Preloading 0 native plugins for Editor in 0.00 ms.
Unloading 1886 Unused Serialized files (Serialized files now loaded: 0)
System memory in use before: 80.0 MB.
System memory in use after: 80.1 MB.

Unloading 46 unused Assets to reduce memory usage. Loaded Objects now: 2310.
Total: 3.173800 ms (FindLiveObjects: 0.196900 ms CreateObjectMapping: 0.065600 ms MarkObjects: 2.851200 ms  DeleteObjects: 0.059000 ms)

AssetImportParameters requested are different than current active one (requested -> active):
  custom:framework-win-MediaFoundation: 216162199b28c13a410421893ffa2e32 -> 
  custom:video-decoder-ogg-theora: a1e56fd34408186e4bbccfd4996cb3dc -> 
  custom:container-muxer-webm: aa71ff27fc2769a1b78a27578f13a17b -> 
  custom:container-demuxer-webm: 4f35f7cbe854078d1ac9338744f61a02 -> 
  custom:container-demuxer-ogg: 62fdf1f143b41e24485cea50d1cbac27 -> 
  custom:video-encoder-webm-vp8: eb34c28f22e8b96e1ab97ce403110664 -> 
  custom:video-decoder-webm-vp8: 9c59270c3fd7afecdb556c50c9e8de78 -> 
  custom:audio-decoder-ogg-vorbis: bf7c407c2cedff20999df2af8eb42d56 -> 
  custom:audio-encoder-webm-vorbis: bf7c407c2cedff20999df2af8eb42d56 -> 
========================================================================
Received Prepare
Registering precompiled user dll's ...
Registered in 0.016621 seconds.
Begin MonoManager ReloadAssembly
Native extension for WindowsStandalone target not found
Native extension for WebGL target not found
Refreshing native plugins compatible for Editor in 0.81 ms, found 2 plugins.
Preloading 0 native plugins for Editor in 0.00 ms.
Can't find custom attr constructor image: C:\Users\MONSTER\Desktop\Demo_Airconsole\Library\PackageCache\com.unity.ads@3.4.5\Editor\UnityEditor.Advertisements.dll mtoken: 0x0a00000f due to:  assembly:C:\Users\MONSTER\Documents\2020.3.23f1\Editor\Data\Managed\UnityEngine\UnityEngine.CoreModule.dll type:UnityAPICompatibilityVersionAttribute member:void {0}(string,string[]) signature:.ctor
System.Net.Sockets.SocketException (0x80004005): Normal olarak her yuva adresi (iletişim kuralı/ağ adresi/bağlantı noktası) için yalnızca bir kullanıma izin veriliyor.
UnityEngine.StackTraceUtility:ExtractStackTrace ()
UnityEngine.DebugLogHandler:LogFormat (UnityEngine.LogType,UnityEngine.Object,string,object[])
UnityEngine.Logger:Log (UnityEngine.LogType,object)
UnityEngine.Debug:LogError (object)
UnityEditor.EditorAssemblies:ProcessInitializeOnLoadAttributes (System.Type[])

Mono: successfully reloaded assembly
- Completed reload, in  1.851 seconds
Domain Reload Profiling:
	ReloadAssembly (1852ms)
		BeginReloadAssembly (181ms)
			ExecutionOrderSort (0ms)
			DisableScriptedObjects (9ms)
			BackupInstance (0ms)
			ReleaseScriptingObjects (0ms)
			CreateAndSetChildDomain (62ms)
		EndReloadAssembly (1560ms)
			LoadAssemblies (168ms)
			RebuildTransferFunctionScriptingTraits (0ms)
			SetupTypeCache (615ms)
			ReleaseScriptCaches (1ms)
			RebuildScriptCaches (61ms)
			SetupLoadedEditorAssemblies (493ms)
				LogAssemblyErrors (0ms)
				InitializePlatformSupportModulesInManaged (12ms)
				SetLoadedEditorAssemblies (1ms)
				RefreshPlugins (1ms)
				BeforeProcessingInitializeOnLoad (107ms)
				ProcessInitializeOnLoadAttributes (343ms)
				ProcessInitializeOnLoadMethodAttributes (20ms)
				AfterProcessingInitializeOnLoad (9ms)
				EditorAssembliesLoaded (0ms)
			ExecutionOrderSort2 (0ms)
			AwakeInstancesAfterBackupRestoration (11ms)
Platform modules already initialized, skipping
Refreshing native plugins compatible for Editor in 1.08 ms, found 2 plugins.
Preloading 0 native plugins for Editor in 0.00 ms.
Unloading 1886 Unused Serialized files (Serialized files now loaded: 0)
System memory in use before: 80.0 MB.
System memory in use after: 80.1 MB.

Unloading 46 unused Assets to reduce memory usage. Loaded Objects now: 2312.
Total: 5.115400 ms (FindLiveObjects: 0.342400 ms CreateObjectMapping: 0.114400 ms MarkObjects: 4.605200 ms  DeleteObjects: 0.051900 ms)

AssetImportParameters requested are different than current active one (requested -> active):
  custom:framework-win-MediaFoundation: 216162199b28c13a410421893ffa2e32 -> 
  custom:video-decoder-ogg-theora: a1e56fd34408186e4bbccfd4996cb3dc -> 
  custom:container-muxer-webm: aa71ff27fc2769a1b78a27578f13a17b -> 
  custom:container-demuxer-webm: 4f35f7cbe854078d1ac9338744f61a02 -> 
  custom:container-demuxer-ogg: 62fdf1f143b41e24485cea50d1cbac27 -> 
  custom:video-encoder-webm-vp8: eb34c28f22e8b96e1ab97ce403110664 -> 
  custom:video-decoder-webm-vp8: 9c59270c3fd7afecdb556c50c9e8de78 -> 
  custom:audio-decoder-ogg-vorbis: bf7c407c2cedff20999df2af8eb42d56 -> 
  custom:audio-encoder-webm-vorbis: bf7c407c2cedff20999df2af8eb42d56 -> 
========================================================================
Received Import Request.
  Time since last request: 1552.371600 seconds.
  path: Assets/AirConsole/myController.html
  artifactKey: Guid(59d29e966e891fc41bc75a3c4ef300cd) Importer(815301076,1909f56bfc062723c751e8b465ee728b)
Start importing Assets/AirConsole/myController.html using Guid(59d29e966e891fc41bc75a3c4ef300cd) Importer(815301076,1909f56bfc062723c751e8b465ee728b)  -> (artifact id: '7a95c2a0621758a8d748d97f53c3da76') in 0.019187 seconds 
  Import took 0.024392 seconds .

========================================================================
Received Import Request.
  Time since last request: 5.322388 seconds.
  path: Assets/WebGLTemplates/AirConsole/button.png
  artifactKey: Guid(b617f9c2fa5ec244a921a5d5d7d60da2) Importer(815301076,1909f56bfc062723c751e8b465ee728b)
Start importing Assets/WebGLTemplates/AirConsole/button.png using Guid(b617f9c2fa5ec244a921a5d5d7d60da2) Importer(815301076,1909f56bfc062723c751e8b465ee728b)  -> (artifact id: 'f1192774160373837c76489c7d4ec615') in 0.010335 seconds 
  Import took 0.015148 seconds .

========================================================================
Received Import Request.
  Time since last request: 52.022490 seconds.
  path: Assets/AirConsole/GameLogic.cs
  artifactKey: Guid(12511b13555696b4889b2ef7139354fd) Importer(815301076,1909f56bfc062723c751e8b465ee728b)
Start importing Assets/AirConsole/GameLogic.cs using Guid(12511b13555696b4889b2ef7139354fd) Importer(815301076,1909f56bfc062723c751e8b465ee728b)  -> (artifact id: '76162a0e27d076046dc2651e5db6f1f4') in 0.005002 seconds 
  Import took 0.008638 seconds .

========================================================================
Received Import Request.
  Time since last request: 4.213619 seconds.
  path: Assets/AirConsole/GameLogic22.cs
  artifactKey: Guid(12511b13555696b4889b2ef7139354fd) Importer(815301076,1909f56bfc062723c751e8b465ee728b)
Start importing Assets/AirConsole/GameLogic22.cs using Guid(12511b13555696b4889b2ef7139354fd) Importer(815301076,1909f56bfc062723c751e8b465ee728b)  -> (artifact id: 'ccc4c3ceb5d2ff9f0c35d994b159e1d5') in 0.021540 seconds 
  Import took 0.101288 seconds .

========================================================================
Received Import Request.
  Time since last request: 9.288263 seconds.
  path: Assets/AirConsole/GameLogic.cs
  artifactKey: Guid(f8c4a048c4e90b241abdd89fee9bd139) Importer(815301076,1909f56bfc062723c751e8b465ee728b)
Start importing Assets/AirConsole/GameLogic.cs using Guid(f8c4a048c4e90b241abdd89fee9bd139) Importer(815301076,1909f56bfc062723c751e8b465ee728b)  -> (artifact id: 'fe0a76bddb2f63c427784eaf5ea797ef') in 0.003609 seconds 
  Import took 0.007898 seconds .

========================================================================
Received Import Request.
  Time since last request: 28.487632 seconds.
  path: Assets/AirConsole/GameLogic.cs
  artifactKey: Guid(f8c4a048c4e90b241abdd89fee9bd139) Importer(815301076,1909f56bfc062723c751e8b465ee728b)
Start importing Assets/AirConsole/GameLogic.cs using Guid(f8c4a048c4e90b241abdd89fee9bd139) Importer(815301076,1909f56bfc062723c751e8b465ee728b)  -> (artifact id: 'b8c17f17daf0c081d21b03522c89f0f1') in 0.005756 seconds 
  Import took 0.014553 seconds .

========================================================================
Received Prepare
Registering precompiled user dll's ...
Registered in 0.011397 seconds.
Begin MonoManager ReloadAssembly
Native extension for WindowsStandalone target not found
Native extension for WebGL target not found
Refreshing native plugins compatible for Editor in 0.67 ms, found 2 plugins.
Preloading 0 native plugins for Editor in 0.00 ms.
Can't find custom attr constructor image: C:\Users\MONSTER\Desktop\Demo_Airconsole\Library\PackageCache\com.unity.ads@3.4.5\Editor\UnityEditor.Advertisements.dll mtoken: 0x0a00000f due to:  assembly:C:\Users\MONSTER\Documents\2020.3.23f1\Editor\Data\Managed\UnityEngine\UnityEngine.CoreModule.dll type:UnityAPICompatibilityVersionAttribute member:void {0}(string,string[]) signature:.ctor
System.Net.Sockets.SocketException (0x80004005): Normal olarak her yuva adresi (iletişim kuralı/ağ adresi/bağlantı noktası) için yalnızca bir kullanıma izin veriliyor.
UnityEngine.StackTraceUtility:ExtractStackTrace ()
UnityEngine.DebugLogHandler:LogFormat (UnityEngine.LogType,UnityEngine.Object,string,object[])
UnityEngine.Logger:Log (UnityEngine.LogType,object)
UnityEngine.Debug:LogError (object)
UnityEditor.EditorAssemblies:ProcessInitializeOnLoadAttributes (System.Type[])

Mono: successfully reloaded assembly
- Completed reload, in  1.259 seconds
Domain Reload Profiling:
	ReloadAssembly (1260ms)
		BeginReloadAssembly (203ms)
			ExecutionOrderSort (0ms)
			DisableScriptedObjects (7ms)
			BackupInstance (0ms)
			ReleaseScriptingObjects (0ms)
			CreateAndSetChildDomain (46ms)
		EndReloadAssembly (960ms)
			LoadAssemblies (173ms)
			RebuildTransferFunctionScriptingTraits (0ms)
			SetupTypeCache (364ms)
			ReleaseScriptCaches (1ms)
			RebuildScriptCaches (44ms)
			SetupLoadedEditorAssemblies (319ms)
				LogAssemblyErrors (0ms)
				InitializePlatformSupportModulesInManaged (6ms)
				SetLoadedEditorAssemblies (1ms)
				RefreshPlugins (1ms)
				BeforeProcessingInitializeOnLoad (64ms)
				ProcessInitializeOnLoadAttributes (228ms)
				ProcessInitializeOnLoadMethodAttributes (13ms)
				AfterProcessingInitializeOnLoad (7ms)
				EditorAssembliesLoaded (0ms)
			ExecutionOrderSort2 (0ms)
			AwakeInstancesAfterBackupRestoration (8ms)
Platform modules already initialized, skipping
Refreshing native plugins compatible for Editor in 0.67 ms, found 2 plugins.
Preloading 0 native plugins for Editor in 0.00 ms.
Unloading 1886 Unused Serialized files (Serialized files now loaded: 0)
System memory in use before: 80.0 MB.
System memory in use after: 80.1 MB.

Unloading 47 unused Assets to reduce memory usage. Loaded Objects now: 2314.
Total: 3.213200 ms (FindLiveObjects: 0.190600 ms CreateObjectMapping: 0.064600 ms MarkObjects: 2.872100 ms  DeleteObjects: 0.084700 ms)

AssetImportParameters requested are different than current active one (requested -> active):
  custom:framework-win-MediaFoundation: 216162199b28c13a410421893ffa2e32 -> 
  custom:video-decoder-ogg-theora: a1e56fd34408186e4bbccfd4996cb3dc -> 
  custom:container-muxer-webm: aa71ff27fc2769a1b78a27578f13a17b -> 
  custom:container-demuxer-webm: 4f35f7cbe854078d1ac9338744f61a02 -> 
  custom:container-demuxer-ogg: 62fdf1f143b41e24485cea50d1cbac27 -> 
  custom:video-encoder-webm-vp8: eb34c28f22e8b96e1ab97ce403110664 -> 
  custom:video-decoder-webm-vp8: 9c59270c3fd7afecdb556c50c9e8de78 -> 
  custom:audio-decoder-ogg-vorbis: bf7c407c2cedff20999df2af8eb42d56 -> 
  custom:audio-encoder-webm-vorbis: bf7c407c2cedff20999df2af8eb42d56 -> 
========================================================================
Received Prepare
Registering precompiled user dll's ...
Registered in 0.018528 seconds.
Begin MonoManager ReloadAssembly
Native extension for WindowsStandalone target not found
Native extension for WebGL target not found
Refreshing native plugins compatible for Editor in 1.07 ms, found 2 plugins.
Preloading 0 native plugins for Editor in 0.00 ms.
Can't find custom attr constructor image: C:\Users\MONSTER\Desktop\Demo_Airconsole\Library\PackageCache\com.unity.ads@3.4.5\Editor\UnityEditor.Advertisements.dll mtoken: 0x0a00000f due to:  assembly:C:\Users\MONSTER\Documents\2020.3.23f1\Editor\Data\Managed\UnityEngine\UnityEngine.CoreModule.dll type:UnityAPICompatibilityVersionAttribute member:void {0}(string,string[]) signature:.ctor
System.Net.Sockets.SocketException (0x80004005): Normal olarak her yuva adresi (iletişim kuralı/ağ adresi/bağlantı noktası) için yalnızca bir kullanıma izin veriliyor.
UnityEngine.StackTraceUtility:ExtractStackTrace ()
UnityEngine.DebugLogHandler:LogFormat (UnityEngine.LogType,UnityEngine.Object,string,object[])
UnityEngine.Logger:Log (UnityEngine.LogType,object)
UnityEngine.Debug:LogError (object)
UnityEditor.EditorAssemblies:ProcessInitializeOnLoadAttributes (System.Type[])

Mono: successfully reloaded assembly
- Completed reload, in  1.805 seconds
Domain Reload Profiling:
	ReloadAssembly (1806ms)
		BeginReloadAssembly (156ms)
			ExecutionOrderSort (0ms)
			DisableScriptedObjects (8ms)
			BackupInstance (0ms)
			ReleaseScriptingObjects (0ms)
			CreateAndSetChildDomain (44ms)
		EndReloadAssembly (1555ms)
			LoadAssemblies (159ms)
			RebuildTransferFunctionScriptingTraits (0ms)
			SetupTypeCache (655ms)
			ReleaseScriptCaches (1ms)
			RebuildScriptCaches (68ms)
			SetupLoadedEditorAssemblies (508ms)
				LogAssemblyErrors (0ms)
				InitializePlatformSupportModulesInManaged (10ms)
				SetLoadedEditorAssemblies (1ms)
				RefreshPlugins (1ms)
				BeforeProcessingInitializeOnLoad (92ms)
				ProcessInitializeOnLoadAttributes (371ms)
				ProcessInitializeOnLoadMethodAttributes (23ms)
				AfterProcessingInitializeOnLoad (9ms)
				EditorAssembliesLoaded (1ms)
			ExecutionOrderSort2 (0ms)
			AwakeInstancesAfterBackupRestoration (12ms)
Platform modules already initialized, skipping
Refreshing native plugins compatible for Editor in 1.07 ms, found 2 plugins.
Preloading 0 native plugins for Editor in 0.00 ms.
Unloading 1886 Unused Serialized files (Serialized files now loaded: 0)
System memory in use before: 80.0 MB.
System memory in use after: 80.1 MB.

Unloading 46 unused Assets to reduce memory usage. Loaded Objects now: 2316.
Total: 4.055200 ms (FindLiveObjects: 0.454000 ms CreateObjectMapping: 0.137000 ms MarkObjects: 3.394300 ms  DeleteObjects: 0.066000 ms)

AssetImportParameters requested are different than current active one (requested -> active):
  custom:framework-win-MediaFoundation: 216162199b28c13a410421893ffa2e32 -> 
  custom:video-decoder-ogg-theora: a1e56fd34408186e4bbccfd4996cb3dc -> 
  custom:container-muxer-webm: aa71ff27fc2769a1b78a27578f13a17b -> 
  custom:container-demuxer-webm: 4f35f7cbe854078d1ac9338744f61a02 -> 
  custom:container-demuxer-ogg: 62fdf1f143b41e24485cea50d1cbac27 -> 
  custom:video-encoder-webm-vp8: eb34c28f22e8b96e1ab97ce403110664 -> 
  custom:video-decoder-webm-vp8: 9c59270c3fd7afecdb556c50c9e8de78 -> 
  custom:audio-decoder-ogg-vorbis: bf7c407c2cedff20999df2af8eb42d56 -> 
  custom:audio-encoder-webm-vorbis: bf7c407c2cedff20999df2af8eb42d56 -> 
========================================================================
Received Prepare
Registering precompiled user dll's ...
Registered in 0.022912 seconds.
Begin MonoManager ReloadAssembly
Native extension for WindowsStandalone target not found
Native extension for WebGL target not found
Refreshing native plugins compatible for Editor in 1.23 ms, found 2 plugins.
Preloading 0 native plugins for Editor in 0.00 ms.
Can't find custom attr constructor image: C:\Users\MONSTER\Desktop\Demo_Airconsole\Library\PackageCache\com.unity.ads@3.4.5\Editor\UnityEditor.Advertisements.dll mtoken: 0x0a00000f due to:  assembly:C:\Users\MONSTER\Documents\2020.3.23f1\Editor\Data\Managed\UnityEngine\UnityEngine.CoreModule.dll type:UnityAPICompatibilityVersionAttribute member:void {0}(string,string[]) signature:.ctor
System.Net.Sockets.SocketException (0x80004005): Normal olarak her yuva adresi (iletişim kuralı/ağ adresi/bağlantı noktası) için yalnızca bir kullanıma izin veriliyor.
UnityEngine.StackTraceUtility:ExtractStackTrace ()
UnityEngine.DebugLogHandler:LogFormat (UnityEngine.LogType,UnityEngine.Object,string,object[])
UnityEngine.Logger:Log (UnityEngine.LogType,object)
UnityEngine.Debug:LogError (object)
UnityEditor.EditorAssemblies:ProcessInitializeOnLoadAttributes (System.Type[])

Mono: successfully reloaded assembly
- Completed reload, in  3.314 seconds
Domain Reload Profiling:
	ReloadAssembly (3316ms)
		BeginReloadAssembly (318ms)
			ExecutionOrderSort (0ms)
			DisableScriptedObjects (24ms)
			BackupInstance (0ms)
			ReleaseScriptingObjects (0ms)
			CreateAndSetChildDomain (87ms)
		EndReloadAssembly (2767ms)
			LoadAssemblies (297ms)
			RebuildTransferFunctionScriptingTraits (0ms)
			SetupTypeCache (1017ms)
			ReleaseScriptCaches (1ms)
			RebuildScriptCaches (132ms)
			SetupLoadedEditorAssemblies (967ms)
				LogAssemblyErrors (0ms)
				InitializePlatformSupportModulesInManaged (17ms)
				SetLoadedEditorAssemblies (2ms)
				RefreshPlugins (1ms)
				BeforeProcessingInitializeOnLoad (180ms)
				ProcessInitializeOnLoadAttributes (705ms)
				ProcessInitializeOnLoadMethodAttributes (37ms)
				AfterProcessingInitializeOnLoad (24ms)
				EditorAssembliesLoaded (1ms)
			ExecutionOrderSort2 (0ms)
			AwakeInstancesAfterBackupRestoration (48ms)
Platform modules already initialized, skipping
Refreshing native plugins compatible for Editor in 2.32 ms, found 2 plugins.
Preloading 0 native plugins for Editor in 0.00 ms.
Unloading 1886 Unused Serialized files (Serialized files now loaded: 0)
System memory in use before: 80.0 MB.
System memory in use after: 80.2 MB.

Unloading 46 unused Assets to reduce memory usage. Loaded Objects now: 2318.
Total: 7.792100 ms (FindLiveObjects: 0.324600 ms CreateObjectMapping: 0.132100 ms MarkObjects: 7.236300 ms  DeleteObjects: 0.096000 ms)

AssetImportParameters requested are different than current active one (requested -> active):
  custom:framework-win-MediaFoundation: 216162199b28c13a410421893ffa2e32 -> 
  custom:video-decoder-ogg-theora: a1e56fd34408186e4bbccfd4996cb3dc -> 
  custom:container-muxer-webm: aa71ff27fc2769a1b78a27578f13a17b -> 
  custom:container-demuxer-webm: 4f35f7cbe854078d1ac9338744f61a02 -> 
  custom:container-demuxer-ogg: 62fdf1f143b41e24485cea50d1cbac27 -> 
  custom:video-encoder-webm-vp8: eb34c28f22e8b96e1ab97ce403110664 -> 
  custom:video-decoder-webm-vp8: 9c59270c3fd7afecdb556c50c9e8de78 -> 
  custom:audio-decoder-ogg-vorbis: bf7c407c2cedff20999df2af8eb42d56 -> 
  custom:audio-encoder-webm-vorbis: bf7c407c2cedff20999df2af8eb42d56 -> 
========================================================================
Received Prepare
Registering precompiled user dll's ...
Registered in 0.038533 seconds.
Begin MonoManager ReloadAssembly
Native extension for WindowsStandalone target not found
Native extension for WebGL target not found
Refreshing native plugins compatible for Editor in 1.34 ms, found 2 plugins.
Preloading 0 native plugins for Editor in 0.00 ms.
Can't find custom attr constructor image: C:\Users\MONSTER\Desktop\Demo_Airconsole\Library\PackageCache\com.unity.ads@3.4.5\Editor\UnityEditor.Advertisements.dll mtoken: 0x0a00000f due to:  assembly:C:\Users\MONSTER\Documents\2020.3.23f1\Editor\Data\Managed\UnityEngine\UnityEngine.CoreModule.dll type:UnityAPICompatibilityVersionAttribute member:void {0}(string,string[]) signature:.ctor
System.Net.Sockets.SocketException (0x80004005): Normal olarak her yuva adresi (iletişim kuralı/ağ adresi/bağlantı noktası) için yalnızca bir kullanıma izin veriliyor.
UnityEngine.StackTraceUtility:ExtractStackTrace ()
UnityEngine.DebugLogHandler:LogFormat (UnityEngine.LogType,UnityEngine.Object,string,object[])
UnityEngine.Logger:Log (UnityEngine.LogType,object)
UnityEngine.Debug:LogError (object)
UnityEditor.EditorAssemblies:ProcessInitializeOnLoadAttributes (System.Type[])

Mono: successfully reloaded assembly
- Completed reload, in  5.009 seconds
Domain Reload Profiling:
	ReloadAssembly (5010ms)
		BeginReloadAssembly (352ms)
			ExecutionOrderSort (0ms)
			DisableScriptedObjects (16ms)
			BackupInstance (0ms)
			ReleaseScriptingObjects (0ms)
			CreateAndSetChildDomain (92ms)
		EndReloadAssembly (4452ms)
			LoadAssemblies (333ms)
			RebuildTransferFunctionScriptingTraits (0ms)
			SetupTypeCache (1325ms)
			ReleaseScriptCaches (8ms)
			RebuildScriptCaches (263ms)
			SetupLoadedEditorAssemblies (1430ms)
				LogAssemblyErrors (0ms)
				InitializePlatformSupportModulesInManaged (31ms)
				SetLoadedEditorAssemblies (2ms)
				RefreshPlugins (1ms)
				BeforeProcessingInitializeOnLoad (346ms)
				ProcessInitializeOnLoadAttributes (981ms)
				ProcessInitializeOnLoadMethodAttributes (44ms)
				AfterProcessingInitializeOnLoad (24ms)
				EditorAssembliesLoaded (1ms)
			ExecutionOrderSort2 (0ms)
			AwakeInstancesAfterBackupRestoration (26ms)
Platform modules already initialized, skipping
Refreshing native plugins compatible for Editor in 3.76 ms, found 2 plugins.
Preloading 0 native plugins for Editor in 0.00 ms.
Unloading 1886 Unused Serialized files (Serialized files now loaded: 0)
System memory in use before: 80.0 MB.
System memory in use after: 80.2 MB.

Unloading 46 unused Assets to reduce memory usage. Loaded Objects now: 2320.
Total: 14.632400 ms (FindLiveObjects: 0.457100 ms CreateObjectMapping: 0.177200 ms MarkObjects: 13.939200 ms  DeleteObjects: 0.055600 ms)

AssetImportParameters requested are different than current active one (requested -> active):
  custom:framework-win-MediaFoundation: 216162199b28c13a410421893ffa2e32 -> 
  custom:video-decoder-ogg-theora: a1e56fd34408186e4bbccfd4996cb3dc -> 
  custom:container-muxer-webm: aa71ff27fc2769a1b78a27578f13a17b -> 
  custom:container-demuxer-webm: 4f35f7cbe854078d1ac9338744f61a02 -> 
  custom:container-demuxer-ogg: 62fdf1f143b41e24485cea50d1cbac27 -> 
  custom:video-encoder-webm-vp8: eb34c28f22e8b96e1ab97ce403110664 -> 
  custom:video-decoder-webm-vp8: 9c59270c3fd7afecdb556c50c9e8de78 -> 
  custom:audio-decoder-ogg-vorbis: bf7c407c2cedff20999df2af8eb42d56 -> 
  custom:audio-encoder-webm-vorbis: bf7c407c2cedff20999df2af8eb42d56 -> 
